<?xml version="1.0" encoding="UTF-8"?>
<testng-results ignored="0" total="1" passed="1" failed="0" skipped="0">
  <reporter-output>
  </reporter-output>
  <suite started-at="2024-10-18T06:52:47 IST" name="Default suite" finished-at="2024-10-18T06:53:00 IST" duration-ms="13228">
    <groups>
    </groups>
    <test started-at="2024-10-18T06:52:47 IST" name="Default test" finished-at="2024-10-18T06:53:00 IST" duration-ms="13228">
      <class name="irctc.IrctcRegistration">
        <test-method signature="irctcRegistration()[pri:0, instance:irctc.IrctcRegistration@3590fc5b]" started-at="2024-10-18T06:52:47 IST" name="irctcRegistration" finished-at="2024-10-18T06:53:00 IST" duration-ms="13183" status="PASS">
          <reporter-output>
          </reporter-output>
        </test-method> <!-- irctcRegistration -->
      </class> <!-- irctc.IrctcRegistration -->
    </test> <!-- Default test -->
  </suite> <!-- Default suite -->
</testng-results>
